<?xml version="1.0" encoding="UTF-8"?>
<!-- Generated by org.testng.reporters.JUnitReportReporter -->
<testsuite hostname="Girishs-MacBook-Pro.local" failures="0" tests="4" name="com.tutorialsninja.test.RegisterTest" time="20.956" errors="0" timestamp="2024-01-19T11:45:59 IST" skipped="0">
  <testcase classname="com.tutorialsninja.test.RegisterTest" name="verifyregistering_Account_with_mandetoryfields" time="4.540"/>
  <testcase classname="com.tutorialsninja.test.RegisterTest" name="verifyregistering_Account_with_Allfields" time="6.463"/>
  <testcase classname="com.tutorialsninja.test.RegisterTest" name="verifyregistering_Account_with_exiting_emailaddress" time="4.219"/>
  <testcase classname="com.tutorialsninja.test.RegisterTest" name="verifyregistering_Account_without_filling_anydetails" time="5.734"/>
</testsuite> <!-- com.tutorialsninja.test.RegisterTest -->
