<?xml version="1.0" encoding="UTF-8"?>
<!-- Generated by org.testng.reporters.JUnitReportReporter -->
<testsuite hostname="Girishs-MacBook-Pro.local" failures="0" tests="1" name="com.tutorialsninja.test.register" time="5.956" errors="0" timestamp="2024-01-16T12:52:23 IST" skipped="0">
  <testcase classname="com.tutorialsninja.test.register" name="verifyregistering_Account_without_filling_anydetails" time="5.956"/>
</testsuite> <!-- com.tutorialsninja.test.register -->
