<?xml version="1.0" encoding="UTF-8"?>
<!-- Generated by org.testng.reporters.JUnitReportReporter -->
<testsuite hostname="Girishs-MacBook-Pro.local" failures="0" tests="4" name="com.tutorialsninja.pages.register" time="18.803" errors="0" timestamp="2024-01-18T11:54:46 IST" skipped="0">
  <testcase classname="com.tutorialsninja.pages.register" name="verifyregistering_Account_with_mandetoryfields" time="4.801"/>
  <testcase classname="com.tutorialsninja.pages.register" name="verifyregistering_Account_with_Allfields" time="4.729"/>
  <testcase classname="com.tutorialsninja.pages.register" name="verifyregistering_Account_with_exiting_emailaddress" time="4.396"/>
  <testcase classname="com.tutorialsninja.pages.register" name="verifyregistering_Account_without_filling_anydetails" time="4.877"/>
</testsuite> <!-- com.tutorialsninja.pages.register -->
