<?xml version="1.0" encoding="UTF-8"?>
<!-- Generated by org.testng.reporters.JUnitReportReporter -->
<testsuite hostname="Girishs-MacBook-Pro.local" failures="0" tests="3" name="com.tutorialsninja.test.SearchTest" time="14.851" errors="0" timestamp="2024-01-19T11:45:59 IST" skipped="0">
  <testcase classname="com.tutorialsninja.test.SearchTest" name="search_with_valid_product" time="7.356"/>
  <testcase classname="com.tutorialsninja.test.SearchTest" name="search_with_invalid_product" time="3.350"/>
  <testcase classname="com.tutorialsninja.test.SearchTest" name="search_withoutproviding_any_product" time="4.145"/>
</testsuite> <!-- com.tutorialsninja.test.SearchTest -->
