<?xml version="1.0" encoding="UTF-8"?>
<!-- Generated by org.testng.reporters.JUnitReportReporter -->
<testsuite hostname="Girishs-MacBook-Pro.local" failures="0" tests="3" name="com.tutorialsninja.pages.search" time="16.177" errors="0" timestamp="2024-01-18T11:54:46 IST" skipped="0">
  <testcase classname="com.tutorialsninja.pages.search" name="search_with_valid_product" time="4.620"/>
  <testcase classname="com.tutorialsninja.pages.search" name="search_with_invalid_product" time="3.811"/>
  <testcase classname="com.tutorialsninja.pages.search" name="search_withoutproviding_any_product" time="7.746"/>
</testsuite> <!-- com.tutorialsninja.pages.search -->
