<?xml version="1.0" encoding="UTF-8"?>
<!-- Generated by org.testng.reporters.JUnitReportReporter -->
<testsuite hostname="Girishs-MacBook-Pro.local" failures="0" tests="4" name="com.tutorialsninja.test.Login" time="19.711" errors="0" timestamp="2024-01-16T11:42:28 IST" skipped="0">
  <testcase classname="com.tutorialsninja.test.Login" name="verifyLoginwithvalidcredentials" time="5.459"/>
  <testcase classname="com.tutorialsninja.test.Login" name="verifyLoginwithinvalidcredentials" time="4.252"/>
  <testcase classname="com.tutorialsninja.test.Login" name="verifyLoginwithinvalidemail_and_validpassword" time="4.093"/>
  <testcase classname="com.tutorialsninja.test.Login" name="verifyLoginwithvalidemail_and_invalidpassword" time="5.907"/>
</testsuite> <!-- com.tutorialsninja.test.Login -->
