<?xml version="1.0" encoding="UTF-8"?>
<!-- Generated by org.testng.reporters.JUnitReportReporter -->
<testsuite hostname="Girishs-MacBook-Pro.local" failures="0" tests="4" name="com.tutorialsninja.pages.Login" time="16.048" errors="0" timestamp="2024-01-18T11:54:46 IST" skipped="0">
  <testcase classname="com.tutorialsninja.pages.Login" name="verifyLoginwithvalidcredentials" time="3.856"/>
  <testcase classname="com.tutorialsninja.pages.Login" name="verifyLoginwithinvalidcredentials" time="4.283"/>
  <testcase classname="com.tutorialsninja.pages.Login" name="verifyLoginwithinvalidemail_and_validpassword" time="4.024"/>
  <testcase classname="com.tutorialsninja.pages.Login" name="verifyLoginwithvalidemail_and_invalidpassword" time="3.885"/>
</testsuite> <!-- com.tutorialsninja.pages.Login -->
